<?xml version="1.0" encoding="UTF-8"?>
<!-- Generated by org.testng.reporters.JUnitXMLReporter -->
<testsuite ignored="0" hostname="LAPTOP-04TSVVB5" failures="4" tests="4" name="ParallelTest" time="0.059" errors="0" timestamp="2024-04-10T16:00:39 IST">
  <testcase classname="browserAutomation.GoogleTest" name="launchApplication" time="0.0">
    <failure type="org.testng.TestNGException" message="
Parameter &amp;apos;name&amp;apos; is required by @Test on method launchApplication but has not been marked @Optional or defined
in C:\Users\arumu\eclipse-workspace\Selenium\testng.xml">
      <![CDATA[org.testng.TestNGException: 
Parameter 'name' is required by @Test on method launchApplication but has not been marked @Optional or defined
in C:\Users\arumu\eclipse-workspace\Selenium\testng.xml
at java.base/java.util.concurrent.Executors$RunnableAdapter.call(Executors.java:539)
at java.base/java.util.concurrent.FutureTask.run(FutureTask.java:264)
at java.base/java.util.concurrent.ThreadPoolExecutor.runWorker(ThreadPoolExecutor.java:1136)
at java.base/java.util.concurrent.ThreadPoolExecutor$Worker.run(ThreadPoolExecutor.java:635)
at java.base/java.lang.Thread.run(Thread.java:833)
... Removed 12 stack frames]]>
    </failure>
  </testcase> <!-- launchApplication -->
  <testcase classname="browserAutomation.GoogleTest" name="launchApplicatio2" time="0.0">
    <failure type="org.testng.TestNGException" message="
Parameter &amp;apos;name&amp;apos; is required by @Test on method launchApplicatio2 but has not been marked @Optional or defined
in C:\Users\arumu\eclipse-workspace\Selenium\testng.xml">
      <![CDATA[org.testng.TestNGException: 
Parameter 'name' is required by @Test on method launchApplicatio2 but has not been marked @Optional or defined
in C:\Users\arumu\eclipse-workspace\Selenium\testng.xml
at java.base/java.util.concurrent.Executors$RunnableAdapter.call(Executors.java:539)
at java.base/java.util.concurrent.FutureTask.run(FutureTask.java:264)
at java.base/java.util.concurrent.ThreadPoolExecutor.runWorker(ThreadPoolExecutor.java:1136)
at java.base/java.util.concurrent.ThreadPoolExecutor$Worker.run(ThreadPoolExecutor.java:635)
at java.base/java.lang.Thread.run(Thread.java:833)
... Removed 12 stack frames]]>
    </failure>
  </testcase> <!-- launchApplicatio2 -->
  <testcase classname="browserAutomation.GoogleTest" name="launchApplication1" time="0.0">
    <failure type="org.testng.TestNGException" message="
Parameter &amp;apos;name&amp;apos; is required by @Test on method launchApplication1 but has not been marked @Optional or defined
in C:\Users\arumu\eclipse-workspace\Selenium\testng.xml">
      <![CDATA[org.testng.TestNGException: 
Parameter 'name' is required by @Test on method launchApplication1 but has not been marked @Optional or defined
in C:\Users\arumu\eclipse-workspace\Selenium\testng.xml
at java.base/java.util.concurrent.Executors$RunnableAdapter.call(Executors.java:539)
at java.base/java.util.concurrent.FutureTask.run(FutureTask.java:264)
at java.base/java.util.concurrent.ThreadPoolExecutor.runWorker(ThreadPoolExecutor.java:1136)
at java.base/java.util.concurrent.ThreadPoolExecutor$Worker.run(ThreadPoolExecutor.java:635)
at java.base/java.lang.Thread.run(Thread.java:833)
... Removed 12 stack frames]]>
    </failure>
  </testcase> <!-- launchApplication1 -->
  <testcase classname="browserAutomation.GoogleTest" name="launchApplication3" time="0.0">
    <failure type="org.testng.TestNGException" message="
Parameter &amp;apos;name&amp;apos; is required by @Test on method launchApplication3 but has not been marked @Optional or defined
in C:\Users\arumu\eclipse-workspace\Selenium\testng.xml">
      <![CDATA[org.testng.TestNGException: 
Parameter 'name' is required by @Test on method launchApplication3 but has not been marked @Optional or defined
in C:\Users\arumu\eclipse-workspace\Selenium\testng.xml
at java.base/java.util.concurrent.Executors$RunnableAdapter.call(Executors.java:539)
at java.base/java.util.concurrent.FutureTask.run(FutureTask.java:264)
at java.base/java.util.concurrent.ThreadPoolExecutor.runWorker(ThreadPoolExecutor.java:1136)
at java.base/java.util.concurrent.ThreadPoolExecutor$Worker.run(ThreadPoolExecutor.java:635)
at java.base/java.lang.Thread.run(Thread.java:833)
... Removed 12 stack frames]]>
    </failure>
  </testcase> <!-- launchApplication3 -->
</testsuite> <!-- ParallelTest -->
